Using pre-set license
Built from '2022.3/staging' branch; Version is '2022.3.15f1 (b58023a2b463) revision 11894819'; Using compiler version '192829333'; Build Type 'Release'
OS: 'Windows 11  (10.0.22621) 64bit Enterprise' Language: 'ru' Physical Memory: 7013 MB
BatchMode: 1, IsHumanControllingUs: 0, StartBugReporterOnCrash: 0, Is64bit: 1, IsPro: 1

COMMAND LINE ARGUMENTS:
C:\Program Files\Unity\Hub\Editor\2022.3.15f1\Editor\Unity.exe
-adb2
-batchMode
-noUpm
-name
AssetImportWorker1
-projectPath
C:/Projects/My project
-logFile
Logs/AssetImportWorker1.log
-srvPort
49564
Successfully changed project path to: C:/Projects/My project
C:/Projects/My project
[UnityMemory] Configuration Parameters - Can be set up in boot.config
    "memorysetup-bucket-allocator-granularity=16"
    "memorysetup-bucket-allocator-bucket-count=8"
    "memorysetup-bucket-allocator-block-size=33554432"
    "memorysetup-bucket-allocator-block-count=8"
    "memorysetup-main-allocator-block-size=16777216"
    "memorysetup-thread-allocator-block-size=16777216"
    "memorysetup-gfx-main-allocator-block-size=16777216"
    "memorysetup-gfx-thread-allocator-block-size=16777216"
    "memorysetup-cache-allocator-block-size=4194304"
    "memorysetup-typetree-allocator-block-size=2097152"
    "memorysetup-profiler-bucket-allocator-granularity=16"
    "memorysetup-profiler-bucket-allocator-bucket-count=8"
    "memorysetup-profiler-bucket-allocator-block-size=33554432"
    "memorysetup-profiler-bucket-allocator-block-count=8"
    "memorysetup-profiler-allocator-block-size=16777216"
    "memorysetup-profiler-editor-allocator-block-size=1048576"
    "memorysetup-temp-allocator-size-main=16777216"
    "memorysetup-job-temp-allocator-block-size=2097152"
    "memorysetup-job-temp-allocator-block-size-background=1048576"
    "memorysetup-job-temp-allocator-reduction-small-platforms=262144"
    "memorysetup-allocator-temp-initial-block-size-main=262144"
    "memorysetup-allocator-temp-initial-block-size-worker=262144"
    "memorysetup-temp-allocator-size-background-worker=32768"
    "memorysetup-temp-allocator-size-job-worker=262144"
    "memorysetup-temp-allocator-size-preload-manager=33554432"
    "memorysetup-temp-allocator-size-nav-mesh-worker=65536"
    "memorysetup-temp-allocator-size-audio-worker=65536"
    "memorysetup-temp-allocator-size-cloud-worker=32768"
    "memorysetup-temp-allocator-size-gi-baking-worker=262144"
    "memorysetup-temp-allocator-size-gfx=262144"
Player connection [11176] Host "[IP] 172.27.240.1 [Port] 0 [Flags] 2 [Guid] 3970241803 [EditorId] 3970241803 [Version] 1048832 [Id] WindowsEditor(7,WIN-QKDOOVJRCP5) [Debug] 1 [PackageName] WindowsEditor [ProjectName] Editor" joined multi-casting on [225.0.0.222:54997]...

Player connection [11176] Host "[IP] 172.27.240.1 [Port] 0 [Flags] 2 [Guid] 3970241803 [EditorId] 3970241803 [Version] 1048832 [Id] WindowsEditor(7,WIN-QKDOOVJRCP5) [Debug] 1 [PackageName] WindowsEditor [ProjectName] Editor" joined alternative multi-casting on [225.0.0.222:34997]...

[Physics::Module] Initialized MultithreadedJobDispatcher with 15 workers.
Refreshing native plugins compatible for Editor in 0.00 ms, found 0 plugins.
Preloading 0 native plugins for Editor in 0.00 ms.
Initialize engine version: 2022.3.15f1 (b58023a2b463)
[Subsystems] Discovering subsystems at path C:/Program Files/Unity/Hub/Editor/2022.3.15f1/Editor/Data/Resources/UnitySubsystems
[Subsystems] Discovering subsystems at path C:/Projects/My project/Assets
GfxDevice: creating device client; threaded=0; jobified=0
Direct3D:
    Version:  Direct3D 11.0 [level 11.1]
    Renderer: AMD Radeon(TM) Graphics (ID=0x164c)
    Vendor:   ATI
    VRAM:     3506 MB
    Driver:   30.0.14052.9003
Initialize mono
Mono path[0] = 'C:/Program Files/Unity/Hub/Editor/2022.3.15f1/Editor/Data/Managed'
Mono path[1] = 'C:/Program Files/Unity/Hub/Editor/2022.3.15f1/Editor/Data/MonoBleedingEdge/lib/mono/unityjit-win32'
Mono config path = 'C:/Program Files/Unity/Hub/Editor/2022.3.15f1/Editor/Data/MonoBleedingEdge/etc'
Using monoOptions --debugger-agent=transport=dt_socket,embedding=1,server=y,suspend=n,address=127.0.0.1:56760
Begin MonoManager ReloadAssembly
Registering precompiled unity dll's ...
Register platform support module: C:/Program Files/Unity/Hub/Editor/2022.3.15f1/Editor/Data/PlaybackEngines/WebGLSupport/UnityEditor.WebGL.Extensions.dll
Register platform support module: C:/Program Files/Unity/Hub/Editor/2022.3.15f1/Editor/Data/PlaybackEngines/WindowsStandaloneSupport/UnityEditor.WindowsStandalone.Extensions.dll
Registered in 0.006416 seconds.
- Loaded All Assemblies, in  0.542 seconds
Native extension for WindowsStandalone target not found
Native extension for WebGL target not found
Mono: successfully reloaded assembly
- Finished resetting the current domain, in  0.391 seconds
Domain Reload Profiling: 932ms
	BeginReloadAssembly (160ms)
		ExecutionOrderSort (0ms)
		DisableScriptedObjects (0ms)
		BackupInstance (0ms)
		ReleaseScriptingObjects (0ms)
		CreateAndSetChildDomain (1ms)
	RebuildCommonClasses (54ms)
	RebuildNativeTypeToScriptingClass (13ms)
	initialDomainReloadingComplete (77ms)
	LoadAllAssembliesAndSetupDomain (236ms)
		LoadAssemblies (158ms)
		RebuildTransferFunctionScriptingTraits (0ms)
		AnalyzeDomain (232ms)
			TypeCache.Refresh (230ms)
				TypeCache.ScanAssembly (207ms)
			ScanForSourceGeneratedMonoScriptInfo (1ms)
			ResolveRequiredComponents (1ms)
	FinalizeReload (392ms)
		ReleaseScriptCaches (0ms)
		RebuildScriptCaches (0ms)
		SetupLoadedEditorAssemblies (305ms)
			LogAssemblyErrors (0ms)
			InitializePlatformSupportModulesInManaged (14ms)
			SetLoadedEditorAssemblies (9ms)
			RefreshPlugins (0ms)
			BeforeProcessingInitializeOnLoad (3ms)
			ProcessInitializeOnLoadAttributes (220ms)
			ProcessInitializeOnLoadMethodAttributes (58ms)
			AfterProcessingInitializeOnLoad (0ms)
			EditorAssembliesLoaded (0ms)
		ExecutionOrderSort2 (0ms)
		AwakeInstancesAfterBackupRestoration (0ms)
========================================================================
Worker process is ready to serve import requests
Begin MonoManager ReloadAssembly
- Loaded All Assemblies, in  0.269 seconds
Refreshing native plugins compatible for Editor in 0.00 ms, found 0 plugins.
Native extension for WindowsStandalone target not found
Native extension for WebGL target not found
Mono: successfully reloaded assembly
- Finished resetting the current domain, in  0.396 seconds
Domain Reload Profiling: 664ms
	BeginReloadAssembly (170ms)
		ExecutionOrderSort (0ms)
		DisableScriptedObjects (6ms)
		BackupInstance (0ms)
		ReleaseScriptingObjects (0ms)
		CreateAndSetChildDomain (27ms)
	RebuildCommonClasses (36ms)
	RebuildNativeTypeToScriptingClass (12ms)
	initialDomainReloadingComplete (26ms)
	LoadAllAssembliesAndSetupDomain (25ms)
		LoadAssemblies (100ms)
		RebuildTransferFunctionScriptingTraits (0ms)
		AnalyzeDomain (17ms)
			TypeCache.Refresh (11ms)
				TypeCache.ScanAssembly (6ms)
			ScanForSourceGeneratedMonoScriptInfo (2ms)
			ResolveRequiredComponents (3ms)
	FinalizeReload (397ms)
		ReleaseScriptCaches (0ms)
		RebuildScriptCaches (0ms)
		SetupLoadedEditorAssemblies (250ms)
			LogAssemblyErrors (0ms)
			InitializePlatformSupportModulesInManaged (8ms)
			SetLoadedEditorAssemblies (7ms)
			RefreshPlugins (0ms)
			BeforeProcessingInitializeOnLoad (41ms)
			ProcessInitializeOnLoadAttributes (167ms)
			ProcessInitializeOnLoadMethodAttributes (22ms)
			AfterProcessingInitializeOnLoad (5ms)
			EditorAssembliesLoaded (0ms)
		ExecutionOrderSort2 (0ms)
		AwakeInstancesAfterBackupRestoration (7ms)
Launched and connected shader compiler UnityShaderCompiler.exe after 0.05 seconds
Refreshing native plugins compatible for Editor in 0.00 ms, found 0 plugins.
Preloading 0 native plugins for Editor in 0.00 ms.
Unloading 383 Unused Serialized files (Serialized files now loaded: 0)
Unloading 3 unused Assets / (48.8 KB). Loaded Objects now: 867.
Memory consumption went from 67.6 MB to 67.5 MB.
Total: 3.521200 ms (FindLiveObjects: 0.097100 ms CreateObjectMapping: 0.014400 ms MarkObjects: 3.253100 ms  DeleteObjects: 0.154100 ms)

AssetImportParameters requested are different than current active one (requested -> active):
  custom:video-encoder-webm-vp8: eb34c28f22e8b96e1ab97ce403110664 -> 
  custom:video-decoder-webm-vp8: 9c59270c3fd7afecdb556c50c9e8de78 -> 
  custom:audio-decoder-ogg-vorbis: bf7c407c2cedff20999df2af8eb42d56 -> 
  custom:video-decoder-ogg-theora: a1e56fd34408186e4bbccfd4996cb3dc -> 
  custom:audio-encoder-webm-vorbis: bf7c407c2cedff20999df2af8eb42d56 -> 
  custom:container-demuxer-webm: 4f35f7cbe854078d1ac9338744f61a02 -> 
  custom:SearchIndexIgnoredProperties: e643bd26f0fe6173181afceb89e7c659 -> 
  custom:container-muxer-webm: aa71ff27fc2769a1b78a27578f13a17b -> 
  custom:video-codec-MediaFoundation-h265: 746d11721c4dcdbdad8f713fa42b33f4 -> 
  custom:container-demuxer-ogg: 62fdf1f143b41e24485cea50d1cbac27 -> 
  custom:AudioImporter_EditorPlatform: d09bf68614088b80899f8185d706f6e7 -> 
  custom:CustomObjectIndexerAttribute: 43b350a4d6e6d1791af0b5038c4bea17 -> 
  custom:framework-win-MediaFoundation: 216162199b28c13a410421893ffa2e32 -> 
========================================================================
Received Import Request.
  Time since last request: 597669.871949 seconds.
  path: Assets/Model/Р¤РµСЂРјР° 1 РјРѕРґРµР»СЊ
  artifactKey: Guid(65789f1a2868d464c9b7f44d855c0233) Importer(815301076,1909f56bfc062723c751e8b465ee728b)
Start importing Assets/Model/Р¤РµСЂРјР° 1 РјРѕРґРµР»СЊ using Guid(65789f1a2868d464c9b7f44d855c0233) Importer(815301076,1909f56bfc062723c751e8b465ee728b)  -> (artifact id: '6a312055c7f81182da8e104647d00333') in 0.003601 seconds
Number of updated asset objects reloaded before import = 0
Number of asset objects unloaded after import = 0
========================================================================
Received Import Request.
  Time since last request: 6.499198 seconds.
  path: Assets/Model/Р¤РµСЂРјР° 1 РјРѕРґРµР»СЊ/Р¤РµСЂРјР° 1 РјРѕРґРµР»СЊ/РўРµРєСЃС‚СѓСЂР° Р±Р°Р»РѕРє С†РІРµС‚.png
  artifactKey: Guid(24edc901605612445b54d29d76b077cf) Importer(815301076,1909f56bfc062723c751e8b465ee728b)
Start importing Assets/Model/Р¤РµСЂРјР° 1 РјРѕРґРµР»СЊ/Р¤РµСЂРјР° 1 РјРѕРґРµР»СЊ/РўРµРєСЃС‚СѓСЂР° Р±Р°Р»РѕРє С†РІРµС‚.png using Guid(24edc901605612445b54d29d76b077cf) Importer(815301076,1909f56bfc062723c751e8b465ee728b)  -> (artifact id: '7e2eab3f9ac4c6b76bfc5c7a141a7f0b') in 0.119718 seconds
Number of updated asset objects reloaded before import = 0
Number of asset objects unloaded after import = 2
========================================================================
Received Import Request.
  Time since last request: 0.000038 seconds.
  path: Assets/Model/Р¤РµСЂРјР° 1 РјРѕРґРµР»СЊ/Р¤РµСЂРјР° 1 РјРѕРґРµР»СЊ/Р¤РµСЂРјР° РјРѕРґРµР»СЊ.fbx
  artifactKey: Guid(dd6183c4e2425ef429ee8ea1f3663151) Importer(815301076,1909f56bfc062723c751e8b465ee728b)
Start importing Assets/Model/Р¤РµСЂРјР° 1 РјРѕРґРµР»СЊ/Р¤РµСЂРјР° 1 РјРѕРґРµР»СЊ/Р¤РµСЂРјР° РјРѕРґРµР»СЊ.fbx using Guid(dd6183c4e2425ef429ee8ea1f3663151) Importer(815301076,1909f56bfc062723c751e8b465ee728b)  -> (artifact id: '2a36d9af5b17893afcb54cd8becc9d4c') in 0.406145 seconds
Number of updated asset objects reloaded before import = 0
Number of asset objects unloaded after import = 28
========================================================================
Received Import Request.
  Time since last request: 0.000138 seconds.
  path: Assets/Model/Р¤РµСЂРјР° 1 РјРѕРґРµР»СЊ/Р¤РµСЂРјР° 1 РјРѕРґРµР»СЊ/РўРµРєСЃС‚СѓСЂР° С„РµСЂРјС‹ РѕСЃРЅРѕРІР° С†РІРµС‚.png
  artifactKey: Guid(16f42ec723db5134eae20f7b3fd59783) Importer(815301076,1909f56bfc062723c751e8b465ee728b)
Start importing Assets/Model/Р¤РµСЂРјР° 1 РјРѕРґРµР»СЊ/Р¤РµСЂРјР° 1 РјРѕРґРµР»СЊ/РўРµРєСЃС‚СѓСЂР° С„РµСЂРјС‹ РѕСЃРЅРѕРІР° С†РІРµС‚.png using Guid(16f42ec723db5134eae20f7b3fd59783) Importer(815301076,1909f56bfc062723c751e8b465ee728b)  -> (artifact id: '824ac84fd9d4a7dee8e4c4edf23165ef') in 0.022321 seconds
Number of updated asset objects reloaded before import = 0
Number of asset objects unloaded after import = 2
========================================================================
Received Import Request.
  Time since last request: 0.000043 seconds.
  path: Assets/Model/Р¤РµСЂРјР° 1 РјРѕРґРµР»СЊ/Р¤РµСЂРјР° 1 РјРѕРґРµР»СЊ/РўРµРєСЃС‚СѓСЂР° РєСЂС‹С€Рё С†РІРµС‚.png
  artifactKey: Guid(9365e1d0800af6e468dea049daf7e63d) Importer(815301076,1909f56bfc062723c751e8b465ee728b)
Start importing Assets/Model/Р¤РµСЂРјР° 1 РјРѕРґРµР»СЊ/Р¤РµСЂРјР° 1 РјРѕРґРµР»СЊ/РўРµРєСЃС‚СѓСЂР° РєСЂС‹С€Рё С†РІРµС‚.png using Guid(9365e1d0800af6e468dea049daf7e63d) Importer(815301076,1909f56bfc062723c751e8b465ee728b)  -> (artifact id: '94c83cee071ef9f2e16ad13029febc16') in 0.040694 seconds
Number of updated asset objects reloaded before import = 0
Number of asset objects unloaded after import = 2
Editor requested this worker to shutdown with reason: Scaling down because of idle timeout
TcpMessagingSession - receive error: operation aborted. errorcode: 995, details: Операция ввода/вывода была прервана из-за завершения потока команд или по запросу приложения.
AssetImportWorker is now disconnected from the server
Process exiting
Exiting without the bug reporter. Application will terminate with return code 0