Using pre-set license
Built from '2022.3/staging' branch; Version is '2022.3.15f1 (b58023a2b463) revision 11894819'; Using compiler version '192829333'; Build Type 'Release'
OS: 'Windows 11  (10.0.22621) 64bit Enterprise' Language: 'ru' Physical Memory: 7013 MB
BatchMode: 1, IsHumanControllingUs: 0, StartBugReporterOnCrash: 0, Is64bit: 1, IsPro: 1

COMMAND LINE ARGUMENTS:
C:\Program Files\Unity\Hub\Editor\2022.3.15f1\Editor\Unity.exe
-adb2
-batchMode
-noUpm
-name
AssetImportWorker0
-projectPath
C:/Projects/My project
-logFile
Logs/AssetImportWorker0.log
-srvPort
49564
Successfully changed project path to: C:/Projects/My project
C:/Projects/My project
[UnityMemory] Configuration Parameters - Can be set up in boot.config
    "memorysetup-bucket-allocator-granularity=16"
    "memorysetup-bucket-allocator-bucket-count=8"
    "memorysetup-bucket-allocator-block-size=33554432"
    "memorysetup-bucket-allocator-block-count=8"
    "memorysetup-main-allocator-block-size=16777216"
    "memorysetup-thread-allocator-block-size=16777216"
    "memorysetup-gfx-main-allocator-block-size=16777216"
    "memorysetup-gfx-thread-allocator-block-size=16777216"
    "memorysetup-cache-allocator-block-size=4194304"
    "memorysetup-typetree-allocator-block-size=2097152"
    "memorysetup-profiler-bucket-allocator-granularity=16"
    "memorysetup-profiler-bucket-allocator-bucket-count=8"
    "memorysetup-profiler-bucket-allocator-block-size=33554432"
    "memorysetup-profiler-bucket-allocator-block-count=8"
    "memorysetup-profiler-allocator-block-size=16777216"
    "memorysetup-profiler-editor-allocator-block-size=1048576"
    "memorysetup-temp-allocator-size-main=16777216"
    "memorysetup-job-temp-allocator-block-size=2097152"
    "memorysetup-job-temp-allocator-block-size-background=1048576"
    "memorysetup-job-temp-allocator-reduction-small-platforms=262144"
    "memorysetup-allocator-temp-initial-block-size-main=262144"
    "memorysetup-allocator-temp-initial-block-size-worker=262144"
    "memorysetup-temp-allocator-size-background-worker=32768"
    "memorysetup-temp-allocator-size-job-worker=262144"
    "memorysetup-temp-allocator-size-preload-manager=33554432"
    "memorysetup-temp-allocator-size-nav-mesh-worker=65536"
    "memorysetup-temp-allocator-size-audio-worker=65536"
    "memorysetup-temp-allocator-size-cloud-worker=32768"
    "memorysetup-temp-allocator-size-gi-baking-worker=262144"
    "memorysetup-temp-allocator-size-gfx=262144"
Player connection [1616] Host "[IP] 172.27.240.1 [Port] 0 [Flags] 2 [Guid] 1387498690 [EditorId] 1387498690 [Version] 1048832 [Id] WindowsEditor(7,WIN-QKDOOVJRCP5) [Debug] 1 [PackageName] WindowsEditor [ProjectName] Editor" joined multi-casting on [225.0.0.222:54997]...

Player connection [1616] Host "[IP] 172.27.240.1 [Port] 0 [Flags] 2 [Guid] 1387498690 [EditorId] 1387498690 [Version] 1048832 [Id] WindowsEditor(7,WIN-QKDOOVJRCP5) [Debug] 1 [PackageName] WindowsEditor [ProjectName] Editor" joined alternative multi-casting on [225.0.0.222:34997]...

[Physics::Module] Initialized MultithreadedJobDispatcher with 15 workers.
Refreshing native plugins compatible for Editor in 0.00 ms, found 0 plugins.
Preloading 0 native plugins for Editor in 0.00 ms.
Initialize engine version: 2022.3.15f1 (b58023a2b463)
[Subsystems] Discovering subsystems at path C:/Program Files/Unity/Hub/Editor/2022.3.15f1/Editor/Data/Resources/UnitySubsystems
[Subsystems] Discovering subsystems at path C:/Projects/My project/Assets
GfxDevice: creating device client; threaded=0; jobified=0
Direct3D:
    Version:  Direct3D 11.0 [level 11.1]
    Renderer: AMD Radeon(TM) Graphics (ID=0x164c)
    Vendor:   ATI
    VRAM:     3506 MB
    Driver:   30.0.14052.9003
Initialize mono
Mono path[0] = 'C:/Program Files/Unity/Hub/Editor/2022.3.15f1/Editor/Data/Managed'
Mono path[1] = 'C:/Program Files/Unity/Hub/Editor/2022.3.15f1/Editor/Data/MonoBleedingEdge/lib/mono/unityjit-win32'
Mono config path = 'C:/Program Files/Unity/Hub/Editor/2022.3.15f1/Editor/Data/MonoBleedingEdge/etc'
Using monoOptions --debugger-agent=transport=dt_socket,embedding=1,server=y,suspend=n,address=127.0.0.1:56076
Begin MonoManager ReloadAssembly
Registering precompiled unity dll's ...
Register platform support module: C:/Program Files/Unity/Hub/Editor/2022.3.15f1/Editor/Data/PlaybackEngines/WebGLSupport/UnityEditor.WebGL.Extensions.dll
Register platform support module: C:/Program Files/Unity/Hub/Editor/2022.3.15f1/Editor/Data/PlaybackEngines/WindowsStandaloneSupport/UnityEditor.WindowsStandalone.Extensions.dll
Registered in 0.006479 seconds.
- Loaded All Assemblies, in  0.564 seconds
Native extension for WindowsStandalone target not found
Native extension for WebGL target not found
Mono: successfully reloaded assembly
- Finished resetting the current domain, in  0.385 seconds
Domain Reload Profiling: 948ms
	BeginReloadAssembly (163ms)
		ExecutionOrderSort (0ms)
		DisableScriptedObjects (0ms)
		BackupInstance (0ms)
		ReleaseScriptingObjects (0ms)
		CreateAndSetChildDomain (1ms)
	RebuildCommonClasses (56ms)
	RebuildNativeTypeToScriptingClass (12ms)
	initialDomainReloadingComplete (79ms)
	LoadAllAssembliesAndSetupDomain (252ms)
		LoadAssemblies (161ms)
		RebuildTransferFunctionScriptingTraits (0ms)
		AnalyzeDomain (248ms)
			TypeCache.Refresh (246ms)
				TypeCache.ScanAssembly (222ms)
			ScanForSourceGeneratedMonoScriptInfo (1ms)
			ResolveRequiredComponents (1ms)
	FinalizeReload (386ms)
		ReleaseScriptCaches (0ms)
		RebuildScriptCaches (0ms)
		SetupLoadedEditorAssemblies (301ms)
			LogAssemblyErrors (0ms)
			InitializePlatformSupportModulesInManaged (14ms)
			SetLoadedEditorAssemblies (9ms)
			RefreshPlugins (0ms)
			BeforeProcessingInitializeOnLoad (4ms)
			ProcessInitializeOnLoadAttributes (217ms)
			ProcessInitializeOnLoadMethodAttributes (57ms)
			AfterProcessingInitializeOnLoad (0ms)
			EditorAssembliesLoaded (0ms)
		ExecutionOrderSort2 (0ms)
		AwakeInstancesAfterBackupRestoration (0ms)
========================================================================
Worker process is ready to serve import requests
Begin MonoManager ReloadAssembly
- Loaded All Assemblies, in  0.260 seconds
Refreshing native plugins compatible for Editor in 0.00 ms, found 0 plugins.
Native extension for WindowsStandalone target not found
Native extension for WebGL target not found
Mono: successfully reloaded assembly
- Finished resetting the current domain, in  0.399 seconds
Domain Reload Profiling: 658ms
	BeginReloadAssembly (163ms)
		ExecutionOrderSort (0ms)
		DisableScriptedObjects (6ms)
		BackupInstance (0ms)
		ReleaseScriptingObjects (0ms)
		CreateAndSetChildDomain (27ms)
	RebuildCommonClasses (36ms)
	RebuildNativeTypeToScriptingClass (12ms)
	initialDomainReloadingComplete (24ms)
	LoadAllAssembliesAndSetupDomain (24ms)
		LoadAssemblies (97ms)
		RebuildTransferFunctionScriptingTraits (0ms)
		AnalyzeDomain (18ms)
			TypeCache.Refresh (12ms)
				TypeCache.ScanAssembly (6ms)
			ScanForSourceGeneratedMonoScriptInfo (3ms)
			ResolveRequiredComponents (3ms)
	FinalizeReload (400ms)
		ReleaseScriptCaches (0ms)
		RebuildScriptCaches (0ms)
		SetupLoadedEditorAssemblies (250ms)
			LogAssemblyErrors (0ms)
			InitializePlatformSupportModulesInManaged (7ms)
			SetLoadedEditorAssemblies (7ms)
			RefreshPlugins (0ms)
			BeforeProcessingInitializeOnLoad (43ms)
			ProcessInitializeOnLoadAttributes (165ms)
			ProcessInitializeOnLoadMethodAttributes (22ms)
			AfterProcessingInitializeOnLoad (5ms)
			EditorAssembliesLoaded (0ms)
		ExecutionOrderSort2 (0ms)
		AwakeInstancesAfterBackupRestoration (7ms)
Launched and connected shader compiler UnityShaderCompiler.exe after 0.05 seconds
Refreshing native plugins compatible for Editor in 0.00 ms, found 0 plugins.
Preloading 0 native plugins for Editor in 0.00 ms.
Unloading 383 Unused Serialized files (Serialized files now loaded: 0)
Unloading 3 unused Assets / (48.6 KB). Loaded Objects now: 867.
Memory consumption went from 67.5 MB to 67.5 MB.
Total: 3.113200 ms (FindLiveObjects: 0.084400 ms CreateObjectMapping: 0.012700 ms MarkObjects: 2.904300 ms  DeleteObjects: 0.110300 ms)

AssetImportParameters requested are different than current active one (requested -> active):
  custom:video-encoder-webm-vp8: eb34c28f22e8b96e1ab97ce403110664 -> 
  custom:video-decoder-webm-vp8: 9c59270c3fd7afecdb556c50c9e8de78 -> 
  custom:audio-decoder-ogg-vorbis: bf7c407c2cedff20999df2af8eb42d56 -> 
  custom:video-decoder-ogg-theora: a1e56fd34408186e4bbccfd4996cb3dc -> 
  custom:audio-encoder-webm-vorbis: bf7c407c2cedff20999df2af8eb42d56 -> 
  custom:container-demuxer-webm: 4f35f7cbe854078d1ac9338744f61a02 -> 
  custom:SearchIndexIgnoredProperties: e643bd26f0fe6173181afceb89e7c659 -> 
  custom:container-muxer-webm: aa71ff27fc2769a1b78a27578f13a17b -> 
  custom:video-codec-MediaFoundation-h265: 746d11721c4dcdbdad8f713fa42b33f4 -> 
  custom:container-demuxer-ogg: 62fdf1f143b41e24485cea50d1cbac27 -> 
  custom:AudioImporter_EditorPlatform: d09bf68614088b80899f8185d706f6e7 -> 
  custom:CustomObjectIndexerAttribute: 43b350a4d6e6d1791af0b5038c4bea17 -> 
  custom:framework-win-MediaFoundation: 216162199b28c13a410421893ffa2e32 -> 
========================================================================
Received Import Request.
  Time since last request: 597676.303493 seconds.
  path: Assets/Model/Р¤РµСЂРјР° 1 РјРѕРґРµР»СЊ/Р¤РµСЂРјР° 1 РјРѕРґРµР»СЊ
  artifactKey: Guid(1295cce213b8fa34d992915cfe4e42b1) Importer(815301076,1909f56bfc062723c751e8b465ee728b)
Start importing Assets/Model/Р¤РµСЂРјР° 1 РјРѕРґРµР»СЊ/Р¤РµСЂРјР° 1 РјРѕРґРµР»СЊ using Guid(1295cce213b8fa34d992915cfe4e42b1) Importer(815301076,1909f56bfc062723c751e8b465ee728b)  -> (artifact id: '829ed2561a636d351bbc04ecb7296459') in 0.005793 seconds
Number of updated asset objects reloaded before import = 0
Number of asset objects unloaded after import = 0
========================================================================
Received Import Request.
  Time since last request: 0.064626 seconds.
  path: Assets/Model/Р¤РµСЂРјР° 1 РјРѕРґРµР»СЊ/Р¤РµСЂРјР° 1 РјРѕРґРµР»СЊ/РўРµРєСЃС‚СѓСЂР° Р±Р°Р»РѕРє РЅРѕСЂРјР°Р»СЊ.png
  artifactKey: Guid(932088a7f3be6c74181ce3574497b846) Importer(815301076,1909f56bfc062723c751e8b465ee728b)
Start importing Assets/Model/Р¤РµСЂРјР° 1 РјРѕРґРµР»СЊ/Р¤РµСЂРјР° 1 РјРѕРґРµР»СЊ/РўРµРєСЃС‚СѓСЂР° Р±Р°Р»РѕРє РЅРѕСЂРјР°Р»СЊ.png using Guid(932088a7f3be6c74181ce3574497b846) Importer(815301076,1909f56bfc062723c751e8b465ee728b)  -> (artifact id: '19e717694e521c1e24be07d145f93efd') in 0.118790 seconds
Number of updated asset objects reloaded before import = 0
Number of asset objects unloaded after import = 2
========================================================================
Received Import Request.
  Time since last request: 0.000061 seconds.
  path: Assets/Model/Р¤РµСЂРјР° 1 РјРѕРґРµР»СЊ/Р¤РµСЂРјР° 1 РјРѕРґРµР»СЊ/РўРµРєСЃС‚СѓСЂР° СЃС‚РѕР»Р±РѕРІ С€РµСЂРѕС…РѕРІР°С‚РѕСЃС‚Рё.png
  artifactKey: Guid(d1d8fd6fd05c43b489fa78b17830ee41) Importer(815301076,1909f56bfc062723c751e8b465ee728b)
Start importing Assets/Model/Р¤РµСЂРјР° 1 РјРѕРґРµР»СЊ/Р¤РµСЂРјР° 1 РјРѕРґРµР»СЊ/РўРµРєСЃС‚СѓСЂР° СЃС‚РѕР»Р±РѕРІ С€РµСЂРѕС…РѕРІР°С‚РѕСЃС‚Рё.png using Guid(d1d8fd6fd05c43b489fa78b17830ee41) Importer(815301076,1909f56bfc062723c751e8b465ee728b)  -> (artifact id: '4394432e2863aedff6f279065ede8574') in 0.019738 seconds
Number of updated asset objects reloaded before import = 0
Number of asset objects unloaded after import = 2
========================================================================
Received Import Request.
  Time since last request: 0.000077 seconds.
  path: Assets/Model/Р¤РµСЂРјР° 1 РјРѕРґРµР»СЊ/Р¤РµСЂРјР° 1 РјРѕРґРµР»СЊ/С„РµСЂРјР° С€РµСЂРѕС…РѕРІР°С‚РѕСЃС‚СЊ С‚РµРєСЃС‚СѓСЂР°.png
  artifactKey: Guid(97cef8c7cb8d3b14cb498bacabc9c4bc) Importer(815301076,1909f56bfc062723c751e8b465ee728b)
Start importing Assets/Model/Р¤РµСЂРјР° 1 РјРѕРґРµР»СЊ/Р¤РµСЂРјР° 1 РјРѕРґРµР»СЊ/С„РµСЂРјР° С€РµСЂРѕС…РѕРІР°С‚РѕСЃС‚СЊ С‚РµРєСЃС‚СѓСЂР°.png using Guid(97cef8c7cb8d3b14cb498bacabc9c4bc) Importer(815301076,1909f56bfc062723c751e8b465ee728b)  -> (artifact id: '273c80259f29182318ee1ed7c95ac36c') in 0.046591 seconds
Number of updated asset objects reloaded before import = 0
Number of asset objects unloaded after import = 2
========================================================================
Received Import Request.
  Time since last request: 0.000155 seconds.
  path: Assets/Model/Р¤РµСЂРјР° 1 РјРѕРґРµР»СЊ/Р¤РµСЂРјР° 1 РјРѕРґРµР»СЊ/С„РµСЂРјР° С†РІРµС‚ С‚РµРєСЃС‚СѓСЂР°.png
  artifactKey: Guid(2491902d8b0361d48a2e31f534706a62) Importer(815301076,1909f56bfc062723c751e8b465ee728b)
Start importing Assets/Model/Р¤РµСЂРјР° 1 РјРѕРґРµР»СЊ/Р¤РµСЂРјР° 1 РјРѕРґРµР»СЊ/С„РµСЂРјР° С†РІРµС‚ С‚РµРєСЃС‚СѓСЂР°.png using Guid(2491902d8b0361d48a2e31f534706a62) Importer(815301076,1909f56bfc062723c751e8b465ee728b)  -> (artifact id: '174dfb9de73de6f705be56325158636d') in 0.015140 seconds
Number of updated asset objects reloaded before import = 0
Number of asset objects unloaded after import = 2
========================================================================
Received Import Request.
  Time since last request: 0.000110 seconds.
  path: Assets/Model/Р¤РµСЂРјР° 1 РјРѕРґРµР»СЊ/Р¤РµСЂРјР° 1 РјРѕРґРµР»СЊ/РўРµРєСЃС‚СѓСЂР° СЃС‚РѕР»Р±РѕРІ РЅРѕСЂРјР°Р»СЊ.png
  artifactKey: Guid(1bf028729ed6c994db4906dda3250478) Importer(815301076,1909f56bfc062723c751e8b465ee728b)
Start importing Assets/Model/Р¤РµСЂРјР° 1 РјРѕРґРµР»СЊ/Р¤РµСЂРјР° 1 РјРѕРґРµР»СЊ/РўРµРєСЃС‚СѓСЂР° СЃС‚РѕР»Р±РѕРІ РЅРѕСЂРјР°Р»СЊ.png using Guid(1bf028729ed6c994db4906dda3250478) Importer(815301076,1909f56bfc062723c751e8b465ee728b)  -> (artifact id: '598eb879c723e0a403489ddab54eaaf4') in 0.016546 seconds
Number of updated asset objects reloaded before import = 0
Number of asset objects unloaded after import = 2
========================================================================
Received Import Request.
  Time since last request: 0.000113 seconds.
  path: Assets/Model/Р¤РµСЂРјР° 1 РјРѕРґРµР»СЊ/Р¤РµСЂРјР° 1 РјРѕРґРµР»СЊ/РўРµРєСЃС‚СѓСЂР° Р±Р°Р»РѕРє С€РµСЂРѕС…РѕРІР°С‚РѕСЃС‚Рё.png
  artifactKey: Guid(55b5dbdbb406f014b91a847195b429a5) Importer(815301076,1909f56bfc062723c751e8b465ee728b)
Start importing Assets/Model/Р¤РµСЂРјР° 1 РјРѕРґРµР»СЊ/Р¤РµСЂРјР° 1 РјРѕРґРµР»СЊ/РўРµРєСЃС‚СѓСЂР° Р±Р°Р»РѕРє С€РµСЂРѕС…РѕРІР°С‚РѕСЃС‚Рё.png using Guid(55b5dbdbb406f014b91a847195b429a5) Importer(815301076,1909f56bfc062723c751e8b465ee728b)  -> (artifact id: 'ddc05b4f55de9b654a5720c6bd911045') in 0.042891 seconds
Number of updated asset objects reloaded before import = 0
Number of asset objects unloaded after import = 2
========================================================================
Received Import Request.
  Time since last request: 0.000103 seconds.
  path: Assets/Model/Р¤РµСЂРјР° 1 РјРѕРґРµР»СЊ/Р¤РµСЂРјР° 1 РјРѕРґРµР»СЊ/РўРµРєСЃС‚СѓСЂР° СЃС‚РѕР»Р±РѕРІ С†РІРµС‚.png
  artifactKey: Guid(3a353ea9553f2814b9017ea58328eca4) Importer(815301076,1909f56bfc062723c751e8b465ee728b)
Start importing Assets/Model/Р¤РµСЂРјР° 1 РјРѕРґРµР»СЊ/Р¤РµСЂРјР° 1 РјРѕРґРµР»СЊ/РўРµРєСЃС‚СѓСЂР° СЃС‚РѕР»Р±РѕРІ С†РІРµС‚.png using Guid(3a353ea9553f2814b9017ea58328eca4) Importer(815301076,1909f56bfc062723c751e8b465ee728b)  -> (artifact id: '8dc1c54fc6d7d5fd43c32b7a0bbd178e') in 0.016069 seconds
Number of updated asset objects reloaded before import = 0
Number of asset objects unloaded after import = 2
========================================================================
Received Import Request.
  Time since last request: 0.000166 seconds.
  path: Assets/Model/Р¤РµСЂРјР° 1 РјРѕРґРµР»СЊ/Р¤РµСЂРјР° 1 РјРѕРґРµР»СЊ/РўРµРєСЃС‚СѓСЂР° С„РµСЂРјС‹ РѕСЃРЅРѕРІР° РЅРѕСЂРјР°Р»СЊ.png
  artifactKey: Guid(42215417d3b579e4fbff0eb025a9191e) Importer(815301076,1909f56bfc062723c751e8b465ee728b)
Start importing Assets/Model/Р¤РµСЂРјР° 1 РјРѕРґРµР»СЊ/Р¤РµСЂРјР° 1 РјРѕРґРµР»СЊ/РўРµРєСЃС‚СѓСЂР° С„РµСЂРјС‹ РѕСЃРЅРѕРІР° РЅРѕСЂРјР°Р»СЊ.png using Guid(42215417d3b579e4fbff0eb025a9191e) Importer(815301076,1909f56bfc062723c751e8b465ee728b)  -> (artifact id: '5d895af4004d38c1d7fd80005225f187') in 0.023866 seconds
Number of updated asset objects reloaded before import = 0
Number of asset objects unloaded after import = 2
========================================================================
Received Import Request.
  Time since last request: 0.000067 seconds.
  path: Assets/Model/Р¤РµСЂРјР° 1 РјРѕРґРµР»СЊ/Р¤РµСЂРјР° 1 РјРѕРґРµР»СЊ/РўРµРєСЃС‚СѓСЂР° РєСЂС‹С€Рё РЅРѕСЂРјР°Р»Рё.png
  artifactKey: Guid(553dcec4ae532eb488a579ae15052670) Importer(815301076,1909f56bfc062723c751e8b465ee728b)
Start importing Assets/Model/Р¤РµСЂРјР° 1 РјРѕРґРµР»СЊ/Р¤РµСЂРјР° 1 РјРѕРґРµР»СЊ/РўРµРєСЃС‚СѓСЂР° РєСЂС‹С€Рё РЅРѕСЂРјР°Р»Рё.png using Guid(553dcec4ae532eb488a579ae15052670) Importer(815301076,1909f56bfc062723c751e8b465ee728b)  -> (artifact id: '740b36f58f6ef625a8492e5f1369948a') in 0.015738 seconds
Number of updated asset objects reloaded before import = 0
Number of asset objects unloaded after import = 2
========================================================================
Received Import Request.
  Time since last request: 0.000056 seconds.
  path: Assets/Model/Р¤РµСЂРјР° 1 РјРѕРґРµР»СЊ/Р¤РµСЂРјР° 1 РјРѕРґРµР»СЊ/РўРµРєСЃС‚СѓСЂР° С„РµСЂРјС‹ РѕСЃРЅРѕРІР° С€РµСЂРѕС…РѕРІР°С‚РѕСЃС‚Рё.png
  artifactKey: Guid(38f230dc13f9c8d45b458db69c1efe09) Importer(815301076,1909f56bfc062723c751e8b465ee728b)
Start importing Assets/Model/Р¤РµСЂРјР° 1 РјРѕРґРµР»СЊ/Р¤РµСЂРјР° 1 РјРѕРґРµР»СЊ/РўРµРєСЃС‚СѓСЂР° С„РµСЂРјС‹ РѕСЃРЅРѕРІР° С€РµСЂРѕС…РѕРІР°С‚РѕСЃС‚Рё.png using Guid(38f230dc13f9c8d45b458db69c1efe09) Importer(815301076,1909f56bfc062723c751e8b465ee728b)  -> (artifact id: 'd83063263fb75cdc04b07018530c6d58') in 0.030135 seconds
Number of updated asset objects reloaded before import = 0
Number of asset objects unloaded after import = 2
========================================================================
Received Import Request.
  Time since last request: 0.000208 seconds.
  path: Assets/Model/Р¤РµСЂРјР° 1 РјРѕРґРµР»СЊ/Р¤РµСЂРјР° 1 РјРѕРґРµР»СЊ/С„РµСЂРјР° РЅРѕСЂРјР°Р»Рё С‚РµРєСЃС‚СѓСЂР°.png
  artifactKey: Guid(375ccc83754219344a9c4ca50d89938b) Importer(815301076,1909f56bfc062723c751e8b465ee728b)
Start importing Assets/Model/Р¤РµСЂРјР° 1 РјРѕРґРµР»СЊ/Р¤РµСЂРјР° 1 РјРѕРґРµР»СЊ/С„РµСЂРјР° РЅРѕСЂРјР°Р»Рё С‚РµРєСЃС‚СѓСЂР°.png using Guid(375ccc83754219344a9c4ca50d89938b) Importer(815301076,1909f56bfc062723c751e8b465ee728b)  -> (artifact id: 'a18e5398535f0f9eecb8d791734da2c5') in 0.018177 seconds
Number of updated asset objects reloaded before import = 0
Number of asset objects unloaded after import = 2
========================================================================
Received Import Request.
  Time since last request: 0.000352 seconds.
  path: Assets/Model/Р¤РµСЂРјР° 1 РјРѕРґРµР»СЊ/Р¤РµСЂРјР° 1 РјРѕРґРµР»СЊ/Р¤РµСЂРјР°.fbx
  artifactKey: Guid(28e3e4b58e5894843a82b10611992048) Importer(815301076,1909f56bfc062723c751e8b465ee728b)
Start importing Assets/Model/Р¤РµСЂРјР° 1 РјРѕРґРµР»СЊ/Р¤РµСЂРјР° 1 РјРѕРґРµР»СЊ/Р¤РµСЂРјР°.fbx using Guid(28e3e4b58e5894843a82b10611992048) Importer(815301076,1909f56bfc062723c751e8b465ee728b)  -> (artifact id: '96b9a1807f799f660c79ce2ab27327f2') in 0.332840 seconds
Number of updated asset objects reloaded before import = 0
Number of asset objects unloaded after import = 28
Editor requested this worker to shutdown with reason: Scaling down because of idle timeout
TcpMessagingSession - receive error: operation aborted. errorcode: 995, details: Операция ввода/вывода была прервана из-за завершения потока команд или по запросу приложения.
AssetImportWorker is now disconnected from the server
Process exiting
Exiting without the bug reporter. Application will terminate with return code 0